

*******************************************************************************
Thu Aug 27 18:00:21 2020


FIT:    data read from "timing_data.csv" u (log($1)):(log($2))
        format = x:z
        x range restricted to [100.000 : 19000.0]
BREAK: No data to fit

*******************************************************************************
Thu Aug 27 18:00:31 2020


FIT:    data read from "timing_data.csv" u (log($1)):(log($2))
        format = x:z
        x range restricted to [100.000 : 19000.0]
BREAK: No data to fit

*******************************************************************************
Thu Aug 27 18:00:39 2020


FIT:    data read from "timing_data.csv" u (log($1)):(log($2))
        format = x:z
        #datapoints = 4464
        residuals are weighted equally (unit weight)

function used for fitting: f(x)
	f(x) = m*x + b
BREAK: Need via and either parameter list or file

*******************************************************************************
Thu Aug 27 18:00:56 2020


FIT:    data read from "timing_data.csv" u (log($1)):(log($2))
        format = x:z
        #datapoints = 4464
        residuals are weighted equally (unit weight)

function used for fitting: f(x)
	f(x) = m*x + b
fitted parameters initialized with current variable values

iter      chisq       delta/lim  lambda   m             b            
   0 5.0274539443e+05   0.00e+00  5.33e+00    1.000000e+00   1.000000e+00
   4 4.1620865492e+01  -7.12e-08  5.33e-04    1.968500e+00  -1.674280e+01

After 4 iterations the fit converged.
final sum of squares of residuals : 41.6209
rel. change during last iteration : -7.12406e-13

degrees of freedom    (FIT_NDF)                        : 4462
rms of residuals      (FIT_STDFIT) = sqrt(WSSR/ndf)    : 0.0965808
variance of residuals (reduced chisquare) = WSSR/ndf   : 0.00932785

Final set of parameters            Asymptotic Standard Error
=======================            ==========================
m               = 1.9685           +/- 0.001445     (0.07338%)
b               = -16.7428         +/- 0.0108       (0.0645%)

correlation matrix of the fit parameters:
                m      b      
m               1.000 
b              -0.991  1.000 
