

*******************************************************************************
Tue Sep 15 11:59:24 2020


FIT:    data read from "attenuation.csv" u 3:4 every 320
        format = x:z
        #datapoints = 52
        residuals are weighted equally (unit weight)

function used for fitting: f(x)
	f(x) = a*x**2 + b*x + c
BREAK: Need via and either parameter list or file

*******************************************************************************
Tue Sep 15 12:02:20 2020


FIT:    data read from "attenuation.csv" u 3:4 every 320
        format = x:z
        #datapoints = 52
        residuals are weighted equally (unit weight)

function used for fitting: f(x)
	f(x) = a*x**2 + b*x + c
fitted parameters initialized with current variable values

iter      chisq       delta/lim  lambda   a             b             c            
   0 1.0178652195e+02   0.00e+00  7.22e-01    1.000000e+00   1.000000e+00   1.000000e+00
   4 3.9041056185e-01  -7.13e-07  7.22e-05    6.138919e-02   8.255236e-01   6.316798e-02

After 4 iterations the fit converged.
final sum of squares of residuals : 0.390411
rel. change during last iteration : -7.12511e-12

degrees of freedom    (FIT_NDF)                        : 49
rms of residuals      (FIT_STDFIT) = sqrt(WSSR/ndf)    : 0.0892612
variance of residuals (reduced chisquare) = WSSR/ndf   : 0.00796756

Final set of parameters            Asymptotic Standard Error
=======================            ==========================
a               = 0.0613892        +/- 0.149        (242.7%)
b               = 0.825524         +/- 0.1503       (18.2%)
c               = 0.063168         +/- 0.03311      (52.42%)

correlation matrix of the fit parameters:
                a      b      c      
a               1.000 
b              -0.960  1.000 
c               0.659 -0.815  1.000 


*******************************************************************************
Tue Sep 15 12:03:24 2020


FIT:    data read from "attenuation.csv" u 3:4 every 320
        format = x:z
        #datapoints = 52
        residuals are weighted equally (unit weight)

function used for fitting: l(x)
	l(x) = m*x + c
fitted parameters initialized with current variable values

iter      chisq       delta/lim  lambda   m             c            
   0 5.2977327564e+01   0.00e+00  8.22e-01    1.000000e+00   1.000000e+00
   3 3.9176367489e-01  -1.09e-02  8.22e-04    8.849787e-01   5.417174e-02

After 3 iterations the fit converged.
final sum of squares of residuals : 0.391764
rel. change during last iteration : -1.08796e-07

degrees of freedom    (FIT_NDF)                        : 50
rms of residuals      (FIT_STDFIT) = sqrt(WSSR/ndf)    : 0.0885171
variance of residuals (reduced chisquare) = WSSR/ndf   : 0.00783527

Final set of parameters            Asymptotic Standard Error
=======================            ==========================
m               = 0.884979         +/- 0.04161      (4.702%)
c               = 0.0541717        +/- 0.02469      (45.58%)

correlation matrix of the fit parameters:
                m      c      
m               1.000 
c              -0.868  1.000 
